<testsuites id="" name="" tests="1" failures="1" skipped="0" errors="0" time="63.157992">
<testsuite name="react-spa-integration.spec.ts" timestamp="2025-08-07T19:24:29.160Z" hostname="chromium" tests="1" failures="1" skipped="0" time="60.006" errors="0">
<testcase name="MusicalConductor React SPA Integration › should load MusicalConductor package from Git repository" classname="react-spa-integration.spec.ts" time="60.006">
<failure message="react-spa-integration.spec.ts:45:7 should load MusicalConductor package from Git repository" type="FAILURE">
<![CDATA[  [chromium] › react-spa-integration.spec.ts:45:7 › MusicalConductor React SPA Integration › should load MusicalConductor package from Git repository 

    Test timeout of 60000ms exceeded.

    Error: page.waitForFunction: Target closed

       at ..\utils\test-helpers.ts:43

      41 |   
      42 |   // Wait for initialization to complete
    > 43 |   await page.waitForFunction(() => {
         |              ^
      44 |     return window.E2ETestApp && window.E2ETestApp.getConductor() !== null;
      45 |   }, { timeout: 10000 });
      46 |   

        at initializeMusicalConductor (C:\source\repos\bpm\Internal\MusicalConductor\e2e-tests\utils\test-helpers.ts:43:14)
        at C:\source\repos\bpm\Internal\MusicalConductor\e2e-tests\tests\react-spa-integration.spec.ts:56:21

    Pending operations:
      - page.waitForFunction at utils\test-helpers.ts:43:14


    attachment #1: video (video/webm) ────────────────────────────────────────
    test-results\react-spa-integration-MusicalConductor-React-S-e49ce-ad-MusicalConductor-package-from-Git-repository-chromium\video.webm
    ──────────────────────────────────────────────────────────────────────────

    attachment #2: screenshot (image/png) ────────────────────────────────────
    test-results\react-spa-integration-MusicalConductor-React-S-e49ce-ad-MusicalConductor-package-from-Git-repository-chromium\test-failed-1.png
    ──────────────────────────────────────────────────────────────────────────
]]>
</failure>
<system-out>
<![CDATA[[BROWSER] log: ℹ️ [E2E-TEST] Loading MusicalConductor package...
[BROWSER] log: ❌ [E2E-TEST] ❌ Failed to initialize MusicalConductor: Failed to resolve module specifier 'musical-conductor'
[BROWSER] log: ❌ [E2E-TEST] Failed to initialize MusicalConductor
[BROWSER] error: Initialization error: TypeError: Failed to resolve module specifier 'musical-conductor'
    at HTMLButtonElement.initializeConductor (http://127.0.0.1:3000/app.js:70:13)

[[ATTACHMENT|..\test-results\react-spa-integration-MusicalConductor-React-S-e49ce-ad-MusicalConductor-package-from-Git-repository-chromium\video.webm]]

[[ATTACHMENT|..\test-results\react-spa-integration-MusicalConductor-React-S-e49ce-ad-MusicalConductor-package-from-Git-repository-chromium\test-failed-1.png]]
]]>
</system-out>
</testcase>
</testsuite>
</testsuites>